<?xml version="1.0" encoding="UTF-8"?>
<!-- Generated by org.testng.reporters.JUnitReportReporter -->
<testsuite hostname="G-xiaf" name="cloud.instance.CreateInstanceId" tests="1" failures="0" timestamp="16 Jun 2017 08:51:50 GMT" time="146.122" errors="0">
  <testcase name="CreateInstance" time="146.122" classname="cloud.instance.CreateInstanceId"/>
</testsuite> <!-- cloud.instance.CreateInstanceId -->
