<?xml version="1.0" encoding="UTF-8"?>
<!-- Generated by org.testng.reporters.JUnitReportReporter -->
<testsuite hostname="G-xiaf" name="cloud2.BackupRbs" tests="1" failures="0" timestamp="17 May 2017 07:58:44 GMT" time="162.990" errors="0">
  <testcase name="BackupRbs" time="162.990" classname="cloud2.BackupRbs"/>
</testsuite> <!-- cloud2.BackupRbs -->
