<?xml version="1.0" encoding="UTF-8"?>
<!-- Generated by org.testng.reporters.JUnitReportReporter -->
<testsuite hostname="G-xiaf" name="cloud.network.CreateNetwork" tests="1" failures="0" timestamp="12 Jun 2017 03:25:19 GMT" time="110.595" errors="0">
  <testcase name="createNet" time="110.595" classname="cloud.network.CreateNetwork"/>
</testsuite> <!-- cloud.network.CreateNetwork -->
