<?xml version="1.0" encoding="UTF-8"?>
<!-- Generated by org.testng.reporters.JUnitReportReporter -->
<testsuite hostname="G-xiaf" name="cloud.ip.CreateIpId" tests="1" failures="0" timestamp="16 Jun 2017 08:08:08 GMT" time="82.566" errors="0">
  <testcase name="cloudIp" time="82.566" classname="cloud.ip.CreateIpId"/>
</testsuite> <!-- cloud.ip.CreateIpId -->
