<?xml version="1.0" encoding="UTF-8"?>
<!-- Generated by org.testng.reporters.JUnitReportReporter -->
<testsuite hostname="G-xiaf" name="cloud.ip.DelIp" tests="1" failures="0" timestamp="7 Jun 2017 03:16:30 GMT" time="100.371" errors="0">
  <testcase name="delAllIp" time="100.371" classname="cloud.ip.DelIp"/>
</testsuite> <!-- cloud.ip.DelIp -->
