<?xml version="1.0" encoding="UTF-8"?>
<!-- Generated by org.testng.reporters.JUnitReportReporter -->
<testsuite hostname="G-xiaf" name="cloud.keypair.DelKeypair" tests="1" failures="0" timestamp="14 Jun 2017 06:21:32 GMT" time="198.654" errors="0">
  <testcase name="delKeypairAll" time="198.654" classname="cloud.keypair.DelKeypair"/>
</testsuite> <!-- cloud.keypair.DelKeypair -->
