<?xml version="1.0" encoding="UTF-8"?>
<!-- Generated by org.testng.reporters.JUnitReportReporter -->
<testsuite hostname="G-xiaf" name="cloud2.DelNet" tests="1" failures="0" timestamp="17 May 2017 09:43:27 GMT" time="55.511" errors="0">
  <testcase name="delallsdn" time="55.511" classname="cloud2.DelNet"/>
</testsuite> <!-- cloud2.DelNet -->
