<?xml version="1.0" encoding="UTF-8"?>
<!-- Generated by org.testng.reporters.JUnitReportReporter -->
<testsuite hostname="G-xiaf" name="cloud2.CreateNet" tests="1" failures="0" timestamp="17 May 2017 09:30:05 GMT" time="82.630" errors="0">
  <testcase name="CreateNet" time="82.630" classname="cloud2.CreateNet"/>
</testsuite> <!-- cloud2.CreateNet -->
