<?xml version="1.0" encoding="UTF-8"?>
<!-- Generated by org.testng.reporters.JUnitReportReporter -->
<testsuite hostname="G-xiaf" name="cloud2.DelBackup" tests="1" failures="0" timestamp="17 May 2017 09:03:10 GMT" time="53.723" errors="0">
  <testcase name="delallBackup" time="53.723" classname="cloud2.DelBackup"/>
</testsuite> <!-- cloud2.DelBackup -->
