<?xml version="1.0" encoding="UTF-8"?>
<!-- Generated by org.testng.reporters.JUnitReportReporter -->
<testsuite hostname="G-xiaf" name="cloud2.BackupInstance" tests="1" failures="0" timestamp="16 May 2017 10:14:35 GMT" time="79.985" errors="0">
  <testcase name="Backupserver" time="79.985" classname="cloud2.BackupInstance"/>
</testsuite> <!-- cloud2.BackupInstance -->
