<?xml version="1.0" encoding="UTF-8"?>
<!-- Generated by org.testng.reporters.JUnitReportReporter -->
<testsuite hostname="G-xiaf" name="cloud2.delpubip" tests="1" failures="0" timestamp="5 May 2017 02:36:20 GMT" time="102.498" errors="0">
  <testcase name="delallpubip" time="102.498" classname="cloud2.delpubip"/>
</testsuite> <!-- cloud2.delpubip -->
