<?xml version="1.0" encoding="UTF-8"?>
<!-- Generated by org.testng.reporters.JUnitReportReporter -->
<testsuite hostname="G-xiaf" name="cloud.image.ImageInstance" tests="1" failures="0" timestamp="16 Jun 2017 08:45:30 GMT" time="123.721" errors="0">
  <testcase name="ImageInstance" time="123.721" classname="cloud.image.ImageInstance"/>
</testsuite> <!-- cloud.image.ImageInstance -->
