<?xml version="1.0" encoding="UTF-8"?>
<!-- Generated by org.testng.reporters.JUnitReportReporter -->
<testsuite hostname="G-xiaf" name="cloud.volume.DelVolume" tests="1" failures="0" timestamp="13 Jun 2017 06:26:51 GMT" time="88.152" errors="0">
  <testcase name="delAllVolume" time="88.152" classname="cloud.volume.DelVolume"/>
</testsuite> <!-- cloud.volume.DelVolume -->
