<?xml version="1.0" encoding="UTF-8"?>
<!-- Generated by org.testng.reporters.JUnitReportReporter -->
<testsuite hostname="G-xiaf" name="cloud.loadbalance.DelLoadbalance" tests="1" failures="0" timestamp="13 Jun 2017 06:29:01 GMT" time="120.324" errors="0">
  <testcase name="delAllLoadbalance" time="120.324" classname="cloud.loadbalance.DelLoadbalance"/>
</testsuite> <!-- cloud.loadbalance.DelLoadbalance -->
