<?xml version="1.0" encoding="UTF-8"?>
<!-- Generated by org.testng.reporters.JUnitReportReporter -->
<testsuite hostname="G-xiaf" name="cloud.image.DelImage" tests="1" failures="0" timestamp="16 Jun 2017 09:18:15 GMT" time="71.532" errors="0">
  <testcase name="delAllImage" time="71.532" classname="cloud.image.DelImage"/>
</testsuite> <!-- cloud.image.DelImage -->
