<?xml version="1.0" encoding="UTF-8"?>
<!-- Generated by org.testng.reporters.JUnitReportReporter -->
<testsuite hostname="G-xiaf" name="cloud2.createdb_id" tests="1" failures="0" timestamp="5 May 2017 03:37:35 GMT" time="69.576" errors="0">
  <testcase name="cloud2db" time="69.576" classname="cloud2.createdb_id"/>
</testsuite> <!-- cloud2.createdb_id -->
