<?xml version="1.0" encoding="UTF-8"?>
<!-- Generated by org.testng.reporters.JUnitReportReporter -->
<testsuite hostname="G-xiaf" name="cloud.keypair.CreateKeypair" tests="1" failures="0" timestamp="14 Jun 2017 06:09:36 GMT" time="104.816" errors="0">
  <testcase name="CreateKeypair" time="104.816" classname="cloud.keypair.CreateKeypair"/>
</testsuite> <!-- cloud.keypair.CreateKeypair -->
