<?xml version="1.0" encoding="UTF-8"?>
<!-- Generated by org.testng.reporters.JUnitReportReporter -->
<testsuite hostname="G-xiaf" name="cloud2.DelRouter" tests="1" failures="0" timestamp="18 May 2017 05:22:22 GMT" time="39.275" errors="0">
  <testcase name="delallrouter" time="39.275" classname="cloud2.DelRouter"/>
</testsuite> <!-- cloud2.DelRouter -->
