<?xml version="1.0" encoding="UTF-8"?>
<!-- Generated by org.testng.reporters.JUnitReportReporter -->
<testsuite name="cloud.instance.CreateInstance" tests="1" time="0.025" ignored="0" failures="0" timestamp="04 七月 2017 06:16:22 GMT" skipped="0" hostname="DESKTOP-U4RUEBA" errors="1">
  <testcase name="createServer" time="0.025" classname="cloud.instance.CreateInstance">
    <error type="jxl.read.biff.BiffException" message="Unable to recognize OLE stream">
      <![CDATA[jxl.read.biff.BiffException: Unable to recognize OLE stream
	at jxl.read.biff.CompoundFile.<init>(CompoundFile.java:116)
	at jxl.read.biff.File.<init>(File.java:127)
	at jxl.Workbook.getWorkbook(Workbook.java:268)
	at jxl.Workbook.getWorkbook(Workbook.java:253)
	at common.Login.loginSeting(Login.java:25)
	at common.Base.beforeTest(Base.java:30)
	at cloud.instance.CreateInstance.createServer(CreateInstance.java:45)
	at sun.reflect.NativeMethodAccessorImpl.invoke0(Native Method)
	at sun.reflect.NativeMethodAccessorImpl.invoke(Unknown Source)
	at sun.reflect.DelegatingMethodAccessorImpl.invoke(Unknown Source)
	at java.lang.reflect.Method.invoke(Unknown Source)
	at org.testng.internal.MethodInvocationHelper.invokeMethod(MethodInvocationHelper.java:104)
	at org.testng.internal.Invoker.invokeMethod(Invoker.java:645)
	at org.testng.internal.Invoker.invokeTestMethod(Invoker.java:851)
	at org.testng.internal.Invoker.invokeTestMethods(Invoker.java:1177)
	at org.testng.internal.TestMethodWorker.invokeTestMethods(TestMethodWorker.java:129)
	at org.testng.internal.TestMethodWorker.run(TestMethodWorker.java:112)
	at java.util.concurrent.ThreadPoolExecutor.runWorker(Unknown Source)
	at java.util.concurrent.ThreadPoolExecutor$Worker.run(Unknown Source)
	at java.lang.Thread.run(Unknown Source)
]]>
    </error>
  </testcase> <!-- createServer -->
</testsuite> <!-- cloud.instance.CreateInstance -->
