<?xml version="1.0" encoding="UTF-8"?>
<!-- Generated by org.testng.reporters.JUnitReportReporter -->
<testsuite hostname="G-xiaf" name="cloud.router.CreateRouter" tests="1" failures="0" timestamp="13 Jun 2017 05:34:59 GMT" time="118.826" errors="0">
  <testcase name="createRouter" time="118.826" classname="cloud.router.CreateRouter"/>
</testsuite> <!-- cloud.router.CreateRouter -->
