<?xml version="1.0" encoding="UTF-8"?>
<!-- Generated by org.testng.reporters.JUnitReportReporter -->
<testsuite hostname="G-xiaf" name="cloud.volume.CreateVolumeIdArea" tests="1" failures="0" timestamp="12 Jun 2017 08:53:29 GMT" time="229.802" errors="0">
  <testcase name="createAllVolume" time="229.802" classname="cloud.volume.CreateVolumeIdArea"/>
</testsuite> <!-- cloud.volume.CreateVolumeIdArea -->
