<?xml version="1.0" encoding="UTF-8"?>
<!-- Generated by org.testng.reporters.JUnitReportReporter -->
<testsuite hostname="G-xiaf" name="cloud.rdbs.CreateRdbsId" tests="1" failures="0" timestamp="14 Jun 2017 02:03:06 GMT" time="95.514" errors="0">
  <testcase name="cloud2Rdbs" time="95.514" classname="cloud.rdbs.CreateRdbsId"/>
</testsuite> <!-- cloud.rdbs.CreateRdbsId -->
