<?xml version="1.0" encoding="UTF-8"?>
<!-- Generated by org.testng.reporters.JUnitReportReporter -->
<testsuite hostname="G-xiaf" name="cloud.instance.DelInstance" tests="1" failures="0" timestamp="19 May 2017 08:08:04 GMT" time="62.668" errors="0">
  <testcase name="delallserver" time="62.668" classname="cloud.instance.DelInstance"/>
</testsuite> <!-- cloud.instance.DelInstance -->
