<?xml version="1.0" encoding="UTF-8"?>
<!-- Generated by org.testng.reporters.JUnitReportReporter -->
<testsuite hostname="G-xiaf" name="cloud2.BackupHdd" tests="1" failures="0" timestamp="17 May 2017 08:56:04 GMT" time="146.909" errors="0">
  <testcase name="BackupRbs" time="146.909" classname="cloud2.BackupHdd"/>
</testsuite> <!-- cloud2.BackupHdd -->
