<?xml version="1.0" encoding="UTF-8"?>
<!-- Generated by org.testng.reporters.JUnitReportReporter -->
<testsuite hostname="G-xiaf" name="cloud.volume.CreateVolumeId" tests="1" failures="0" timestamp="12 Jun 2017 06:59:56 GMT" time="162.219" errors="0">
  <testcase name="createAllVolume" time="162.219" classname="cloud.volume.CreateVolumeId"/>
</testsuite> <!-- cloud.volume.CreateVolumeId -->
