<?xml version="1.0" encoding="UTF-8"?>
<!-- Generated by org.testng.reporters.JUnitReportReporter -->
<testsuite hostname="G-xiaf" name="cloud.group.DelGroup" tests="1" failures="0" timestamp="13 Jun 2017 09:24:42 GMT" time="154.123" errors="0">
  <testcase name="delAllFirewall" time="154.123" classname="cloud.group.DelGroup"/>
</testsuite> <!-- cloud.group.DelGroup -->
