<?xml version="1.0" encoding="UTF-8"?>
<!-- Generated by org.testng.reporters.JUnitReportReporter -->
<testsuite hostname="G-xiaf" name="cloud2.createserver" tests="1" failures="0" timestamp="14 Apr 2017 02:16:59 GMT" time="1214.550" errors="0">
  <testcase name="cloud2server" time="1214.550" classname="cloud2.createserver"/>
</testsuite> <!-- cloud2.createserver -->
