<?xml version="1.0" encoding="UTF-8"?>
<!-- Generated by org.testng.reporters.JUnitReportReporter -->
<testsuite hostname="G-xiaf" name="cloud2.CreateRouter" tests="1" failures="0" timestamp="18 May 2017 03:37:01 GMT" time="65.196" errors="0">
  <testcase name="createallrouter" time="65.196" classname="cloud2.CreateRouter"/>
</testsuite> <!-- cloud2.CreateRouter -->
