<?xml version="1.0" encoding="UTF-8"?>
<!-- Generated by org.testng.reporters.JUnitReportReporter -->
<testsuite hostname="G-xiaf" name="cloud.group.CreateGroup" tests="1" failures="0" timestamp="13 Jun 2017 09:21:40 GMT" time="123.551" errors="0">
  <testcase name="createNet" time="123.551" classname="cloud.group.CreateGroup"/>
</testsuite> <!-- cloud.group.CreateGroup -->
