<?xml version="1.0" encoding="UTF-8"?>
<!-- Generated by org.testng.reporters.JUnitReportReporter -->
<testsuite hostname="G-xiaf" name="cloud2.DelInstance" tests="1" failures="0" timestamp="15 May 2017 07:27:19 GMT" time="338.080" errors="0">
  <testcase name="delallserver" time="338.080" classname="cloud2.DelInstance"/>
</testsuite> <!-- cloud2.DelInstance -->
