<?xml version="1.0" encoding="UTF-8"?>
<!-- Generated by org.testng.reporters.JUnitReportReporter -->
<testsuite hostname="G-xiaf" name="cloud.loadbalance.CreateLoadbalance" tests="1" failures="0" timestamp="13 Jun 2017 06:07:12 GMT" time="189.073" errors="0">
  <testcase name="createLoadbalance" time="189.073" classname="cloud.loadbalance.CreateLoadbalance"/>
</testsuite> <!-- cloud.loadbalance.CreateLoadbalance -->
