<?xml version="1.0" encoding="UTF-8"?>
<!-- Generated by org.testng.reporters.JUnitReportReporter -->
<testsuite hostname="G-xiaf" name="cloud.snapshot.SnapshotRdbs" tests="1" failures="0" timestamp="12 Jun 2017 03:18:18 GMT" time="131.490" errors="0">
  <testcase name="backupRdbs" time="131.490" classname="cloud.snapshot.SnapshotRdbs"/>
</testsuite> <!-- cloud.snapshot.SnapshotRdbs -->
