<?xml version="1.0" encoding="UTF-8"?>
<!-- Generated by org.testng.reporters.JUnitReportReporter -->
<testsuite hostname="G-xiaf" name="cloud.network.DelNet" tests="1" failures="0" timestamp="1 Jun 2017 02:20:48 GMT" time="204.704" errors="0">
  <testcase name="delAllSdn" time="204.704" classname="cloud.network.DelNet"/>
</testsuite> <!-- cloud.network.DelNet -->
