<?xml version="1.0" encoding="UTF-8"?>
<!-- Generated by org.testng.reporters.JUnitReportReporter -->
<testsuite hostname="G-xiaf" name="cloud2.DelRbs" tests="1" failures="0" timestamp="15 May 2017 08:57:26 GMT" time="75.063" errors="0">
  <testcase name="delallrbs" time="75.063" classname="cloud2.DelRbs"/>
</testsuite> <!-- cloud2.DelRbs -->
