<?xml version="1.0" encoding="UTF-8"?>
<!-- Generated by org.testng.reporters.JUnitReportReporter -->
<testsuite hostname="G-xiaf" name="cloud2.CreateHdd" tests="1" failures="0" timestamp="8 May 2017 09:39:54 GMT" time="106.170" errors="0">
  <testcase name="createallhdd" time="106.170" classname="cloud2.CreateHdd"/>
</testsuite> <!-- cloud2.CreateHdd -->
