<?xml version="1.0" encoding="UTF-8"?>
<!-- Generated by org.testng.reporters.JUnitReportReporter -->
<testsuite hostname="G-xiaf" name="cloud2.CreateEip" tests="1" failures="0" timestamp="16 May 2017 05:50:34 GMT" time="46.590" errors="0">
  <testcase name="cloud2eip" time="46.590" classname="cloud2.CreateEip"/>
</testsuite> <!-- cloud2.CreateEip -->
